<?xml version="1.0" encoding="UTF-8"?>
<!-- Generated by org.testng.reporters.JUnitReportReporter -->
<testsuite hostname="HP-5CG8283BFM" failures="0" tests="1" name="reporterPKG.TestClass" time="0.033" errors="0" timestamp="2024-09-25T15:12:14 IST" skipped="0">
  <testcase classname="reporterPKG.TestClass" name="TestNgParametersTest" time="0.033"/>
</testsuite> <!-- reporterPKG.TestClass -->
